<?xml version="1.0" encoding="UTF-8"?>
<!-- Generated by org.testng.reporters.JUnitReportReporter -->
<testsuite hostname="QH-PC" name="orangelife.ut.person.PersonTest" tests="16" failures="0" timestamp="7 Mar 2017 07:58:21 GMT" time="456.990" errors="0">
  <testcase name="testCase16" time="29.073" classname="orangelife.ut.person.PersonTest"/>
  <testcase name="testCase7" time="22.742" classname="orangelife.ut.person.PersonTest"/>
  <testcase name="testCase14" time="28.058" classname="orangelife.ut.person.PersonTest"/>
  <testcase name="testCase3" time="33.334" classname="orangelife.ut.person.PersonTest"/>
  <testcase name="testCase13" time="30.768" classname="orangelife.ut.person.PersonTest"/>
  <testcase name="testCase9" time="26.200" classname="orangelife.ut.person.PersonTest"/>
  <testcase name="testCase10" time="39.397" classname="orangelife.ut.person.PersonTest"/>
  <testcase name="testCase17" time="28.037" classname="orangelife.ut.person.PersonTest"/>
  <testcase name="testCase15" time="28.300" classname="orangelife.ut.person.PersonTest"/>
  <testcase name="testCase5" time="28.472" classname="orangelife.ut.person.PersonTest"/>
  <testcase name="testCase2" time="27.830" classname="orangelife.ut.person.PersonTest"/>
  <testcase name="testCase1" time="22.554" classname="orangelife.ut.person.PersonTest"/>
  <testcase name="testCase4" time="28.088" classname="orangelife.ut.person.PersonTest"/>
  <testcase name="testCase19" time="27.820" classname="orangelife.ut.person.PersonTest"/>
  <testcase name="testCase8" time="27.798" classname="orangelife.ut.person.PersonTest"/>
  <testcase name="testCase18" time="28.519" classname="orangelife.ut.person.PersonTest"/>
</testsuite> <!-- orangelife.ut.person.PersonTest -->
