<?xml version="1.0" encoding="UTF-8"?>
<!-- Generated by org.testng.reporters.JUnitReportReporter -->
<testsuite hostname="QH-PC" name="orangelife.NewTest2" tests="4" failures="0" timestamp="25 Apr 2017 06:15:41 GMT" time="0.087" errors="0">
  <testcase name="g" time="0.023" classname="orangelife.NewTest2"/>
  <testcase name="i" time="0.007" classname="orangelife.NewTest2"/>
  <testcase name="h" time="0.006" classname="orangelife.NewTest2"/>
  <testcase name="f" time="0.051" classname="orangelife.NewTest2"/>
</testsuite> <!-- orangelife.NewTest2 -->
